0 info it worked if it ends with ok
1 verbose cli [ '/usr/local/nvm/versions/node/v6.9.2/bin/node',
1 verbose cli   '/usr/bin/npm',
1 verbose cli   'start' ]
2 info using npm@3.10.9
3 info using node@v6.9.2
4 verbose run-script [ 'prestart', 'start', 'poststart' ]
5 info lifecycle nodejs-getting-started@1.0.0~prestart: nodejs-getting-started@1.0.0
6 silly lifecycle nodejs-getting-started@1.0.0~prestart: no script for prestart, continuing
7 info lifecycle nodejs-getting-started@1.0.0~start: nodejs-getting-started@1.0.0
8 verbose lifecycle nodejs-getting-started@1.0.0~start: unsafe-perm in lifecycle true
9 verbose lifecycle nodejs-getting-started@1.0.0~start: PATH: /usr/local/nvm/versions/node/v6.9.2/lib/node_modules/npm/bin/node-gyp-bin:/home/jisen_test/src/tensile-sorter-170103/nodejs_mvms_quickstart-2017-06-08-13-03/bc_test/node_modules/.bin:/usr/local/nvm/versions/node/v6.9.2/bin:/google/google-cloud-sdk/bin:/home/jisen_test/gopath/bin:/google/gopath/bin:/usr/local/go/bin:/gradle-2.12/bin:/apache-maven-3.3.9/bin:/google/google-cloud-sdk/bin:/usr/local/sbin:/usr/local/bin:/usr/sbin:/usr/bin:/sbin:/bin:/usr/local/nvm/versions/node/v6.9.2/bin:/google/go_appengine:/google/google_appengine
10 verbose lifecycle nodejs-getting-started@1.0.0~start: CWD: /home/jisen_test/src/tensile-sorter-170103/nodejs_mvms_quickstart-2017-06-08-13-03/bc_test
11 silly lifecycle nodejs-getting-started@1.0.0~start: Args: [ '-c', 'node app.js' ]
12 silly lifecycle nodejs-getting-started@1.0.0~start: Returned: code: 1  signal: null
13 info lifecycle nodejs-getting-started@1.0.0~start: Failed to exec start script
14 verbose stack Error: nodejs-getting-started@1.0.0 start: `node app.js`
14 verbose stack Exit status 1
14 verbose stack     at EventEmitter.<anonymous> (/usr/local/nvm/versions/node/v6.9.2/lib/node_modules/npm/lib/utils/lifecycle.js:255:16)
14 verbose stack     at emitTwo (events.js:106:13)
14 verbose stack     at EventEmitter.emit (events.js:191:7)
14 verbose stack     at ChildProcess.<anonymous> (/usr/local/nvm/versions/node/v6.9.2/lib/node_modules/npm/lib/utils/spawn.js:40:14)
14 verbose stack     at emitTwo (events.js:106:13)
14 verbose stack     at ChildProcess.emit (events.js:191:7)
14 verbose stack     at maybeClose (internal/child_process.js:877:16)
14 verbose stack     at Process.ChildProcess._handle.onexit (internal/child_process.js:226:5)
15 verbose pkgid nodejs-getting-started@1.0.0
16 verbose cwd /home/jisen_test/src/tensile-sorter-170103/nodejs_mvms_quickstart-2017-06-08-13-03/bc_test/config
17 error Linux 3.16.0-4-amd64
18 error argv "/usr/local/nvm/versions/node/v6.9.2/bin/node" "/usr/bin/npm" "start"
19 error node v6.9.2
20 error npm  v3.10.9
21 error code ELIFECYCLE
22 error nodejs-getting-started@1.0.0 start: `node app.js`
22 error Exit status 1
23 error Failed at the nodejs-getting-started@1.0.0 start script 'node app.js'.
23 error Make sure you have the latest version of node.js and npm installed.
23 error If you do, this is most likely a problem with the nodejs-getting-started package,
23 error not with npm itself.
23 error Tell the author that this fails on your system:
23 error     node app.js
23 error You can get information on how to open an issue for this project with:
23 error     npm bugs nodejs-getting-started
23 error Or if that isn't available, you can get their info via:
23 error     npm owner ls nodejs-getting-started
23 error There is likely additional logging output above.
24 verbose exit [ 1, true ]
